[Wed, 07 Nov 2012 21:55:21 GMT] INFO Server starting with config: {
  "environment": "development",
  "workers": 1,
  "port": 4000,
  "spdy": null,
  "ssl": null,
  "debug": true,
  "rotateWorkers": false,
  "rotationWindow": 7200000,
  "rotationTimeout": 300000,
  "logDir": "/home/joseph/repos/repl-console/docs/log",
  "gracefulShutdownTimeout": 30000,
  "heartbeatInterval": 5000,
  "heartbeatWindow": 20000,
  "staticFilePath": "/home/joseph/repos/repl-console/docs/public",
  "sessions": {
    "store": "memory",
    "key": "sid",
    "expiry": 1209600
  },
  "cookieSessionKey": "sdata",
  "metrics": null,
  "i18n": {
    "defaultLocale": "en-us",
    "loadPaths": [
      "/home/joseph/repos/repl-console/docs/config/locales"
    ]
  },
  "hostname": "127.0.0.1",
  "fullHostname": "http://127.0.0.1:4000",
  "connectCompatibility": false,
  "detailedErrors": true,
  "model": {
    "defaultAdapter": "memory"
  }
}
[Wed, 07 Nov 2012 21:55:21 GMT] INFO Creating 1 worker process.
[Wed, 07 Nov 2012 21:55:21 GMT] INFO Server worker running in development on port 4000 with a PID of: 3320
[Wed, 07 Nov 2012 21:55:21 GMT] DEBUG LOGGING STARTED ============================================
[Wed, 07 Nov 2012 21:55:21 GMT] DEBUG ============================================================
